<?xml version="1.0" encoding="UTF-8"?>
<!-- Generated by org.testng.reporters.JUnitReportReporter -->
<testsuite skipped="0" hostname="PV-8" name="test.sample.FirstTest" tests="1" failures="0" timestamp="06 一月 2021 14:38:28 GMT" time="0.000" errors="0">
  <testcase name="testCase" time="0.000" classname="test.sample.FirstTest"/>
</testsuite> <!-- test.sample.FirstTest -->
