<?xml version="1.0" encoding="UTF-8"?>
<!-- Generated by org.testng.reporters.JUnitReportReporter -->
<testsuite skipped="0" hostname="PV-8" name="test.sample.GroupsTest" tests="4" failures="0" timestamp="06 一月 2021 14:38:28 GMT" time="0.001" errors="0">
  <testcase name="testCase4" time="0.000" classname="test.sample.GroupsTest"/>
  <testcase name="testCase5" time="0.001" classname="test.sample.GroupsTest"/>
  <testcase name="testCase6" time="0.000" classname="test.sample.GroupsTest"/>
  <testcase name="testCase7" time="0.000" classname="test.sample.GroupsTest"/>
</testsuite> <!-- test.sample.GroupsTest -->
