<?xml version="1.0" encoding="UTF-8"?>
<!-- Generated by org.testng.reporters.JUnitReportReporter -->
<testsuite skipped="0" hostname="PV-8" name="test.sample.FixtureTest" tests="2" failures="0" timestamp="31 十二月 2020 15:52:34 GMT" time="0.001" errors="0">
  <testcase name="testCase2" time="0.000" classname="test.sample.FixtureTest"/>
  <testcase name="testCase1" time="0.001" classname="test.sample.FixtureTest"/>
</testsuite> <!-- test.sample.FixtureTest -->
