<?xml version="1.0" encoding="UTF-8"?>
<!-- Generated by org.testng.reporters.JUnitReportReporter -->
<testsuite skipped="0" hostname="PV-8" name="test.sample.CaseRunTest" tests="3" failures="0" timestamp="31 十二月 2020 15:52:34 GMT" time="0.007" errors="0">
  <testcase name="testCase2" time="0.000" classname="test.sample.CaseRunTest"/>
  <testcase name="testCase1" time="0.000" classname="test.sample.CaseRunTest"/>
  <testcase name="testCase0" time="0.007" classname="test.sample.CaseRunTest"/>
</testsuite> <!-- test.sample.CaseRunTest -->
