<?xml version="1.0" encoding="UTF-8"?>
<!-- Generated by org.testng.reporters.JUnitReportReporter -->
<testsuite skipped="0" hostname="PV-8" name="test.sample.ParametersTest" tests="1" failures="0" timestamp="28 十二月 2020 14:29:48 GMT" time="0.000" errors="0">
  <testcase name="testAdd1" time="0.000" classname="test.sample.ParametersTest"/>
</testsuite> <!-- test.sample.ParametersTest -->
